<?xml version="1.0" encoding="utf-8" standalone="no"?>
<test-run id="2" testcasecount="58" result="Passed" total="0" passed="0" failed="0" inconclusive="0" skipped="0" asserts="0" engine-version="3.8.0.0" clr-version="4.0.30319.42000" start-time="2018-07-16 11:19:40Z" end-time="2018-07-16 11:19:41Z" duration="0.732976">
  <command-line><![CDATA["E:\GitCBS\cti-pbs\DEV\NET4\SeleniumAutomation\CBSAutomation\CBSAutomation\Nunit\nunit3-console.exe" E:\GitCBS\cti-pbs\DEV\NET4\SeleniumAutomation\CBSAutomation\CBSAutomation\bin\Debug\CBSAutomation.dll --where --test=CreateCustomer]]></command-line>
  <filter>
    <prop name="--test">CreateCustomer</prop>
  </filter>
  <test-suite type="Assembly" id="0-1078" name="CBSAutomation.dll" fullname="E:\GitCBS\cti-pbs\DEV\NET4\SeleniumAutomation\CBSAutomation\CBSAutomation\bin\Debug\CBSAutomation.dll" runstate="Runnable" testcasecount="58" result="Passed" start-time="2018-07-16 11:19:41Z" end-time="2018-07-16 11:19:41Z" duration="0.010008" total="0" passed="0" failed="0" warnings="0" inconclusive="0" skipped="0" asserts="0">
    <environment framework-version="3.10.1.0" clr-version="4.0.30319.42000" os-version="Microsoft Windows NT 10.0.14393.0" platform="Win32NT" cwd="E:\GitCBS\cti-pbs\DEV\NET4\SeleniumAutomation\CBSAutomation\CBSAutomation\Nunit" machine-name="VEENAHON-W10LT" user="veenahon" user-domain="EFI" culture="en-US" uiculture="en-US" os-architecture="x64" />
    <settings>
      <setting name="DisposeRunners" value="True" />
      <setting name="WorkDirectory" value="E:\GitCBS\cti-pbs\DEV\NET4\SeleniumAutomation\CBSAutomation\CBSAutomation\Nunit" />
      <setting name="ImageRuntimeVersion" value="4.0.30319" />
      <setting name="ImageTargetFrameworkName" value=".NETFramework,Version=v4.5.2" />
      <setting name="ImageRequiresX86" value="False" />
      <setting name="ImageRequiresDefaultAppDomainAssemblyResolver" value="False" />
      <setting name="NumberOfTestWorkers" value="4" />
    </settings>
    <properties>
      <property name="_PID" value="48296" />
      <property name="_APPDOMAIN" value="domain-" />
    </properties>
  </test-suite>
</test-run>