<?xml version="1.0" encoding="utf-8" standalone="no"?>
<test-run id="2" testcasecount="0" result="Failed" label="Invalid" total="0" passed="0" failed="0" inconclusive="0" skipped="0" asserts="0" engine-version="3.8.0.0" clr-version="4.0.30319.42000" start-time="2018-03-26 10:28:49Z" end-time="2018-03-26 10:28:50Z" duration="0.458404">
  <command-line><![CDATA[nunit3-console  nunit.CBSAutomation.dll]]></command-line>
  <test-suite type="Assembly" id="0-1" name="nunit.CBSAutomation.dll" fullname="C:\Users\veenahon\Documents\Visual Studio 2015\Projects\CBSAutomation\packages\NUnit.ConsoleRunner.3.8.0\tools\nunit.CBSAutomation.dll" testcasecount="0" runstate="NotRunnable" result="Failed" label="Invalid">
    <properties>
      <property name="_SKIPREASON" value="File not found: C:\Users\veenahon\Documents\Visual Studio 2015\Projects\CBSAutomation\packages\NUnit.ConsoleRunner.3.8.0\tools\nunit.CBSAutomation.dll" />
    </properties>
    <reason>
      <message>File not found: C:\Users\veenahon\Documents\Visual Studio 2015\Projects\CBSAutomation\packages\NUnit.ConsoleRunner.3.8.0\tools\nunit.CBSAutomation.dll</message>
    </reason>
  </test-suite>
</test-run>