<?xml version="1.0" encoding="utf-8" standalone="no"?>
<test-run start-time="2018-04-05 09:24:22Z">
  <command-line><![CDATA["C:\Users\veenahon\Documents\Visual Studio 2015\Projects\CBSAutomation\CBSAutomation\Nunit\nunit3-console.exe" "C:\Users\veenahon\Documents\Visual Studio 2015\Projects\CBSAutomation\CBSAutomation\bin\Debug\CBSAutomation.dll"]]></command-line>
</test-run>